[18-Jul-2016 08:32:36 UTC] PHP Warning:  Missing argument 1 for CRUD::read_ID(), called in /home/ubuntu/workspace/calendar.OOP_1/controllers/dbcrud.php on line 35 and defined in /home/ubuntu/workspace/calendar.OOP_1/models/class.crud.php on line 23
[18-Jul-2016 08:32:36 UTC] PHP Stack trace:
[18-Jul-2016 08:32:36 UTC] PHP   1. {main}() /home/ubuntu/workspace/calendar.OOP_1/controllers/dbcrud.php:0
[18-Jul-2016 08:32:36 UTC] PHP   2. CRUD->read_ID() /home/ubuntu/workspace/calendar.OOP_1/controllers/dbcrud.php:35
[18-Jul-2016 08:32:44 UTC] PHP Warning:  Missing argument 1 for CRUD::read_ID(), called in /home/ubuntu/workspace/calendar.OOP_1/controllers/dbcrud.php on line 35 and defined in /home/ubuntu/workspace/calendar.OOP_1/models/class.crud.php on line 23
[18-Jul-2016 08:32:44 UTC] PHP Stack trace:
[18-Jul-2016 08:32:44 UTC] PHP   1. {main}() /home/ubuntu/workspace/calendar.OOP_1/controllers/dbcrud.php:0
[18-Jul-2016 08:32:44 UTC] PHP   2. CRUD->read_ID() /home/ubuntu/workspace/calendar.OOP_1/controllers/dbcrud.php:35
[19-Jul-2016 02:11:51 UTC] PHP Warning:  Missing argument 1 for CRUD::read_ID(), called in /home/ubuntu/workspace/calendar.OOP_1/controllers/dbcrud.php on line 35 and defined in /home/ubuntu/workspace/calendar.OOP_1/models/class.crud.php on line 23
[19-Jul-2016 02:11:51 UTC] PHP Stack trace:
[19-Jul-2016 02:11:51 UTC] PHP   1. {main}() /home/ubuntu/workspace/calendar.OOP_1/controllers/dbcrud.php:0
[19-Jul-2016 02:11:51 UTC] PHP   2. CRUD->read_ID() /home/ubuntu/workspace/calendar.OOP_1/controllers/dbcrud.php:35
[19-Jul-2016 02:24:06 UTC] PHP Warning:  mysql_fetch_row() expects parameter 1 to be resource, boolean given in /home/ubuntu/workspace/calendar.OOP_1/controllers/dbcrud.php on line 12
[19-Jul-2016 02:24:06 UTC] PHP Stack trace:
[19-Jul-2016 02:24:06 UTC] PHP   1. {main}() /home/ubuntu/workspace/calendar.OOP_1/controllers/dbcrud.php:0
[19-Jul-2016 02:24:06 UTC] PHP   2. mysql_fetch_row() /home/ubuntu/workspace/calendar.OOP_1/controllers/dbcrud.php:12
[19-Jul-2016 02:24:21 UTC] PHP Warning:  mysql_fetch_row() expects parameter 1 to be resource, boolean given in /home/ubuntu/workspace/calendar.OOP_1/controllers/dbcrud.php on line 12
[19-Jul-2016 02:24:21 UTC] PHP Stack trace:
[19-Jul-2016 02:24:21 UTC] PHP   1. {main}() /home/ubuntu/workspace/calendar.OOP_1/controllers/dbcrud.php:0
[19-Jul-2016 02:24:21 UTC] PHP   2. mysql_fetch_row() /home/ubuntu/workspace/calendar.OOP_1/controllers/dbcrud.php:12
[19-Jul-2016 02:25:09 UTC] PHP Warning:  mysql_fetch_row() expects parameter 1 to be resource, boolean given in /home/ubuntu/workspace/calendar.OOP_1/controllers/dbcrud.php on line 12
[19-Jul-2016 02:25:09 UTC] PHP Stack trace:
[19-Jul-2016 02:25:09 UTC] PHP   1. {main}() /home/ubuntu/workspace/calendar.OOP_1/controllers/dbcrud.php:0
[19-Jul-2016 02:25:09 UTC] PHP   2. mysql_fetch_row() /home/ubuntu/workspace/calendar.OOP_1/controllers/dbcrud.php:12
[19-Jul-2016 03:28:49 UTC] PHP Parse error:  syntax error, unexpected 'd' (T_STRING) in /home/ubuntu/workspace/calendar.OOP_1/views/calendar.php on line 15
[19-Jul-2016 03:38:42 UTC] PHP Warning:  Missing argument 1 for CRUD::read_ID(), called in /home/ubuntu/workspace/calendar.OOP_1/controllers/dbcrud.php on line 44 and defined in /home/ubuntu/workspace/calendar.OOP_1/models/class.crud.php on line 23
[19-Jul-2016 03:38:42 UTC] PHP Stack trace:
[19-Jul-2016 03:38:42 UTC] PHP   1. {main}() /home/ubuntu/workspace/calendar.OOP_1/controllers/dbcrud.php:0
[19-Jul-2016 03:38:42 UTC] PHP   2. CRUD->read_ID() /home/ubuntu/workspace/calendar.OOP_1/controllers/dbcrud.php:44
[19-Jul-2016 03:38:46 UTC] PHP Warning:  Missing argument 1 for CRUD::read_ID(), called in /home/ubuntu/workspace/calendar.OOP_1/controllers/dbcrud.php on line 44 and defined in /home/ubuntu/workspace/calendar.OOP_1/models/class.crud.php on line 23
[19-Jul-2016 03:38:46 UTC] PHP Stack trace:
[19-Jul-2016 03:38:46 UTC] PHP   1. {main}() /home/ubuntu/workspace/calendar.OOP_1/controllers/dbcrud.php:0
[19-Jul-2016 03:38:46 UTC] PHP   2. CRUD->read_ID() /home/ubuntu/workspace/calendar.OOP_1/controllers/dbcrud.php:44
[19-Jul-2016 03:38:50 UTC] PHP Warning:  Missing argument 1 for CRUD::read_ID(), called in /home/ubuntu/workspace/calendar.OOP_1/controllers/dbcrud.php on line 44 and defined in /home/ubuntu/workspace/calendar.OOP_1/models/class.crud.php on line 23
[19-Jul-2016 03:38:50 UTC] PHP Stack trace:
[19-Jul-2016 03:38:50 UTC] PHP   1. {main}() /home/ubuntu/workspace/calendar.OOP_1/controllers/dbcrud.php:0
[19-Jul-2016 03:38:50 UTC] PHP   2. CRUD->read_ID() /home/ubuntu/workspace/calendar.OOP_1/controllers/dbcrud.php:44
[19-Jul-2016 04:19:45 UTC] PHP Warning:  Missing argument 1 for CRUD::read_ID(), called in /home/ubuntu/workspace/calendar.OOP_1/controllers/dbcrud.php on line 54 and defined in /home/ubuntu/workspace/calendar.OOP_1/models/class.crud.php on line 23
[19-Jul-2016 04:19:45 UTC] PHP Stack trace:
[19-Jul-2016 04:19:45 UTC] PHP   1. {main}() /home/ubuntu/workspace/calendar.OOP_1/controllers/dbcrud.php:0
[19-Jul-2016 04:19:45 UTC] PHP   2. CRUD->read_ID() /home/ubuntu/workspace/calendar.OOP_1/controllers/dbcrud.php:54
[19-Jul-2016 06:19:25 UTC] PHP Warning:  Missing argument 1 for CRUD::read_ID(), called in /home/ubuntu/workspace/calendar.OOP_1/controllers/dbcrud.php on line 54 and defined in /home/ubuntu/workspace/calendar.OOP_1/models/class.crud.php on line 23
[19-Jul-2016 06:19:25 UTC] PHP Stack trace:
[19-Jul-2016 06:19:25 UTC] PHP   1. {main}() /home/ubuntu/workspace/calendar.OOP_1/controllers/dbcrud.php:0
[19-Jul-2016 06:19:25 UTC] PHP   2. CRUD->read_ID() /home/ubuntu/workspace/calendar.OOP_1/controllers/dbcrud.php:54
[19-Jul-2016 07:21:13 UTC] PHP Warning:  Missing argument 1 for CRUD::read_ID(), called in /home/ubuntu/workspace/calendar.OOP_1/controllers/dbcrud.php on line 54 and defined in /home/ubuntu/workspace/calendar.OOP_1/models/class.crud.php on line 23
[19-Jul-2016 07:21:13 UTC] PHP Stack trace:
[19-Jul-2016 07:21:13 UTC] PHP   1. {main}() /home/ubuntu/workspace/calendar.OOP_1/controllers/dbcrud.php:0
[19-Jul-2016 07:21:13 UTC] PHP   2. CRUD->read_ID() /home/ubuntu/workspace/calendar.OOP_1/controllers/dbcrud.php:54
[19-Jul-2016 07:21:17 UTC] PHP Warning:  Missing argument 1 for CRUD::read_ID(), called in /home/ubuntu/workspace/calendar.OOP_1/controllers/dbcrud.php on line 54 and defined in /home/ubuntu/workspace/calendar.OOP_1/models/class.crud.php on line 23
[19-Jul-2016 07:21:17 UTC] PHP Stack trace:
[19-Jul-2016 07:21:17 UTC] PHP   1. {main}() /home/ubuntu/workspace/calendar.OOP_1/controllers/dbcrud.php:0
[19-Jul-2016 07:21:17 UTC] PHP   2. CRUD->read_ID() /home/ubuntu/workspace/calendar.OOP_1/controllers/dbcrud.php:54
[19-Jul-2016 07:32:19 UTC] PHP Warning:  Missing argument 1 for CRUD::read_ID(), called in /home/ubuntu/workspace/calendar.OOP_1/controllers/dbcrud.php on line 54 and defined in /home/ubuntu/workspace/calendar.OOP_1/models/class.crud.php on line 23
[19-Jul-2016 07:32:19 UTC] PHP Stack trace:
[19-Jul-2016 07:32:19 UTC] PHP   1. {main}() /home/ubuntu/workspace/calendar.OOP_1/controllers/dbcrud.php:0
[19-Jul-2016 07:32:19 UTC] PHP   2. CRUD->read_ID() /home/ubuntu/workspace/calendar.OOP_1/controllers/dbcrud.php:54
[19-Jul-2016 07:40:53 UTC] PHP Warning:  Missing argument 1 for CRUD::read_ID(), called in /home/ubuntu/workspace/calendar.OOP_1/controllers/dbcrud.php on line 53 and defined in /home/ubuntu/workspace/calendar.OOP_1/models/class.crud.php on line 23
[19-Jul-2016 07:40:53 UTC] PHP Stack trace:
[19-Jul-2016 07:40:53 UTC] PHP   1. {main}() /home/ubuntu/workspace/calendar.OOP_1/controllers/dbcrud.php:0
[19-Jul-2016 07:40:53 UTC] PHP   2. CRUD->read_ID() /home/ubuntu/workspace/calendar.OOP_1/controllers/dbcrud.php:53
[19-Jul-2016 07:40:58 UTC] PHP Warning:  Missing argument 1 for CRUD::read_ID(), called in /home/ubuntu/workspace/calendar.OOP_1/controllers/dbcrud.php on line 53 and defined in /home/ubuntu/workspace/calendar.OOP_1/models/class.crud.php on line 23
[19-Jul-2016 07:40:58 UTC] PHP Stack trace:
[19-Jul-2016 07:40:58 UTC] PHP   1. {main}() /home/ubuntu/workspace/calendar.OOP_1/controllers/dbcrud.php:0
[19-Jul-2016 07:40:58 UTC] PHP   2. CRUD->read_ID() /home/ubuntu/workspace/calendar.OOP_1/controllers/dbcrud.php:53
[19-Jul-2016 07:41:20 UTC] PHP Warning:  Missing argument 1 for CRUD::read_ID(), called in /home/ubuntu/workspace/calendar.OOP_1/controllers/dbcrud.php on line 53 and defined in /home/ubuntu/workspace/calendar.OOP_1/models/class.crud.php on line 23
[19-Jul-2016 07:41:20 UTC] PHP Stack trace:
[19-Jul-2016 07:41:20 UTC] PHP   1. {main}() /home/ubuntu/workspace/calendar.OOP_1/controllers/dbcrud.php:0
[19-Jul-2016 07:41:20 UTC] PHP   2. CRUD->read_ID() /home/ubuntu/workspace/calendar.OOP_1/controllers/dbcrud.php:53
[19-Jul-2016 07:41:23 UTC] PHP Warning:  Missing argument 1 for CRUD::read_ID(), called in /home/ubuntu/workspace/calendar.OOP_1/controllers/dbcrud.php on line 53 and defined in /home/ubuntu/workspace/calendar.OOP_1/models/class.crud.php on line 23
[19-Jul-2016 07:41:23 UTC] PHP Stack trace:
[19-Jul-2016 07:41:23 UTC] PHP   1. {main}() /home/ubuntu/workspace/calendar.OOP_1/controllers/dbcrud.php:0
[19-Jul-2016 07:41:23 UTC] PHP   2. CRUD->read_ID() /home/ubuntu/workspace/calendar.OOP_1/controllers/dbcrud.php:53
[19-Jul-2016 07:43:11 UTC] PHP Warning:  Missing argument 1 for CRUD::read_ID(), called in /home/ubuntu/workspace/calendar.OOP_1/controllers/dbcrud.php on line 53 and defined in /home/ubuntu/workspace/calendar.OOP_1/models/class.crud.php on line 23
[19-Jul-2016 07:43:11 UTC] PHP Stack trace:
[19-Jul-2016 07:43:11 UTC] PHP   1. {main}() /home/ubuntu/workspace/calendar.OOP_1/controllers/dbcrud.php:0
[19-Jul-2016 07:43:11 UTC] PHP   2. CRUD->read_ID() /home/ubuntu/workspace/calendar.OOP_1/controllers/dbcrud.php:53
[19-Jul-2016 08:03:00 UTC] PHP Warning:  Missing argument 1 for CRUD::read_ID(), called in /home/ubuntu/workspace/calendar.OOP_1/controllers/dbcrud.php on line 53 and defined in /home/ubuntu/workspace/calendar.OOP_1/models/class.crud.php on line 23
[19-Jul-2016 08:03:00 UTC] PHP Stack trace:
[19-Jul-2016 08:03:00 UTC] PHP   1. {main}() /home/ubuntu/workspace/calendar.OOP_1/controllers/dbcrud.php:0
[19-Jul-2016 08:03:00 UTC] PHP   2. CRUD->read_ID() /home/ubuntu/workspace/calendar.OOP_1/controllers/dbcrud.php:53
[19-Jul-2016 08:03:43 UTC] PHP Warning:  Missing argument 1 for CRUD::read_ID(), called in /home/ubuntu/workspace/calendar.OOP_1/controllers/dbcrud.php on line 53 and defined in /home/ubuntu/workspace/calendar.OOP_1/models/class.crud.php on line 23
[19-Jul-2016 08:03:43 UTC] PHP Stack trace:
[19-Jul-2016 08:03:43 UTC] PHP   1. {main}() /home/ubuntu/workspace/calendar.OOP_1/controllers/dbcrud.php:0
[19-Jul-2016 08:03:43 UTC] PHP   2. CRUD->read_ID() /home/ubuntu/workspace/calendar.OOP_1/controllers/dbcrud.php:53
[19-Jul-2016 08:08:09 UTC] PHP Warning:  Missing argument 1 for CRUD::read_ID(), called in /home/ubuntu/workspace/calendar.OOP_1/controllers/dbcrud.php on line 53 and defined in /home/ubuntu/workspace/calendar.OOP_1/models/class.crud.php on line 23
[19-Jul-2016 08:08:09 UTC] PHP Stack trace:
[19-Jul-2016 08:08:09 UTC] PHP   1. {main}() /home/ubuntu/workspace/calendar.OOP_1/controllers/dbcrud.php:0
[19-Jul-2016 08:08:09 UTC] PHP   2. CRUD->read_ID() /home/ubuntu/workspace/calendar.OOP_1/controllers/dbcrud.php:53
[19-Jul-2016 08:08:13 UTC] PHP Warning:  Missing argument 1 for CRUD::read_ID(), called in /home/ubuntu/workspace/calendar.OOP_1/controllers/dbcrud.php on line 53 and defined in /home/ubuntu/workspace/calendar.OOP_1/models/class.crud.php on line 23
[19-Jul-2016 08:08:13 UTC] PHP Stack trace:
[19-Jul-2016 08:08:13 UTC] PHP   1. {main}() /home/ubuntu/workspace/calendar.OOP_1/controllers/dbcrud.php:0
[19-Jul-2016 08:08:13 UTC] PHP   2. CRUD->read_ID() /home/ubuntu/workspace/calendar.OOP_1/controllers/dbcrud.php:53
[19-Jul-2016 08:08:17 UTC] PHP Warning:  Missing argument 1 for CRUD::read_ID(), called in /home/ubuntu/workspace/calendar.OOP_1/controllers/dbcrud.php on line 53 and defined in /home/ubuntu/workspace/calendar.OOP_1/models/class.crud.php on line 23
[19-Jul-2016 08:08:17 UTC] PHP Stack trace:
[19-Jul-2016 08:08:17 UTC] PHP   1. {main}() /home/ubuntu/workspace/calendar.OOP_1/controllers/dbcrud.php:0
[19-Jul-2016 08:08:17 UTC] PHP   2. CRUD->read_ID() /home/ubuntu/workspace/calendar.OOP_1/controllers/dbcrud.php:53
[19-Jul-2016 08:22:46 UTC] PHP Warning:  Missing argument 1 for CRUD::read_ID(), called in /home/ubuntu/workspace/calendar.OOP_1/controllers/dbcrud.php on line 53 and defined in /home/ubuntu/workspace/calendar.OOP_1/models/class.crud.php on line 23
[19-Jul-2016 08:22:46 UTC] PHP Stack trace:
[19-Jul-2016 08:22:46 UTC] PHP   1. {main}() /home/ubuntu/workspace/calendar.OOP_1/controllers/dbcrud.php:0
[19-Jul-2016 08:22:46 UTC] PHP   2. CRUD->read_ID() /home/ubuntu/workspace/calendar.OOP_1/controllers/dbcrud.php:53
[19-Jul-2016 08:24:22 UTC] PHP Warning:  Missing argument 1 for CRUD::read_ID(), called in /home/ubuntu/workspace/calendar.OOP_1/controllers/dbcrud.php on line 53 and defined in /home/ubuntu/workspace/calendar.OOP_1/models/class.crud.php on line 23
[19-Jul-2016 08:24:22 UTC] PHP Stack trace:
[19-Jul-2016 08:24:22 UTC] PHP   1. {main}() /home/ubuntu/workspace/calendar.OOP_1/controllers/dbcrud.php:0
[19-Jul-2016 08:24:22 UTC] PHP   2. CRUD->read_ID() /home/ubuntu/workspace/calendar.OOP_1/controllers/dbcrud.php:53
[20-Jul-2016 03:23:04 UTC] PHP Fatal error:  Cannot re-assign auto-global variable _SESSION in /home/ubuntu/workspace/calendar.OOP_1/models/class.crud.php on line 23
[20-Jul-2016 03:23:04 UTC] PHP Stack trace:
[20-Jul-2016 03:23:04 UTC] PHP   1. {main}() /home/ubuntu/workspace/calendar.OOP_1/views/addNewTask.php:0
[20-Jul-2016 03:23:06 UTC] PHP Fatal error:  Cannot re-assign auto-global variable _SESSION in /home/ubuntu/workspace/calendar.OOP_1/models/class.crud.php on line 23
[20-Jul-2016 03:23:06 UTC] PHP Stack trace:
[20-Jul-2016 03:23:06 UTC] PHP   1. {main}() /home/ubuntu/workspace/calendar.OOP_1/views/addNewTask.php:0
[20-Jul-2016 03:34:36 UTC] PHP Warning:  Missing argument 2 for CRUD::read_ID(), called in /home/ubuntu/workspace/calendar.OOP_1/controllers/dbcrud.php on line 53 and defined in /home/ubuntu/workspace/calendar.OOP_1/models/class.crud.php on line 23
[20-Jul-2016 03:34:36 UTC] PHP Stack trace:
[20-Jul-2016 03:34:36 UTC] PHP   1. {main}() /home/ubuntu/workspace/calendar.OOP_1/controllers/dbcrud.php:0
[20-Jul-2016 03:34:36 UTC] PHP   2. CRUD->read_ID() /home/ubuntu/workspace/calendar.OOP_1/controllers/dbcrud.php:53
[20-Jul-2016 03:34:40 UTC] PHP Warning:  Missing argument 2 for CRUD::read_ID(), called in /home/ubuntu/workspace/calendar.OOP_1/controllers/dbcrud.php on line 53 and defined in /home/ubuntu/workspace/calendar.OOP_1/models/class.crud.php on line 23
[20-Jul-2016 03:34:40 UTC] PHP Stack trace:
[20-Jul-2016 03:34:40 UTC] PHP   1. {main}() /home/ubuntu/workspace/calendar.OOP_1/controllers/dbcrud.php:0
[20-Jul-2016 03:34:40 UTC] PHP   2. CRUD->read_ID() /home/ubuntu/workspace/calendar.OOP_1/controllers/dbcrud.php:53
[20-Jul-2016 03:34:43 UTC] PHP Warning:  Missing argument 2 for CRUD::read_ID(), called in /home/ubuntu/workspace/calendar.OOP_1/controllers/dbcrud.php on line 53 and defined in /home/ubuntu/workspace/calendar.OOP_1/models/class.crud.php on line 23
[20-Jul-2016 03:34:43 UTC] PHP Stack trace:
[20-Jul-2016 03:34:43 UTC] PHP   1. {main}() /home/ubuntu/workspace/calendar.OOP_1/controllers/dbcrud.php:0
[20-Jul-2016 03:34:43 UTC] PHP   2. CRUD->read_ID() /home/ubuntu/workspace/calendar.OOP_1/controllers/dbcrud.php:53
[20-Jul-2016 03:34:47 UTC] PHP Warning:  Missing argument 2 for CRUD::read_ID(), called in /home/ubuntu/workspace/calendar.OOP_1/controllers/dbcrud.php on line 53 and defined in /home/ubuntu/workspace/calendar.OOP_1/models/class.crud.php on line 23
[20-Jul-2016 03:34:47 UTC] PHP Stack trace:
[20-Jul-2016 03:34:47 UTC] PHP   1. {main}() /home/ubuntu/workspace/calendar.OOP_1/controllers/dbcrud.php:0
[20-Jul-2016 03:34:47 UTC] PHP   2. CRUD->read_ID() /home/ubuntu/workspace/calendar.OOP_1/controllers/dbcrud.php:53
[20-Jul-2016 03:34:50 UTC] PHP Warning:  Missing argument 2 for CRUD::read_ID(), called in /home/ubuntu/workspace/calendar.OOP_1/controllers/dbcrud.php on line 53 and defined in /home/ubuntu/workspace/calendar.OOP_1/models/class.crud.php on line 23
[20-Jul-2016 03:34:50 UTC] PHP Stack trace:
[20-Jul-2016 03:34:50 UTC] PHP   1. {main}() /home/ubuntu/workspace/calendar.OOP_1/controllers/dbcrud.php:0
[20-Jul-2016 03:34:50 UTC] PHP   2. CRUD->read_ID() /home/ubuntu/workspace/calendar.OOP_1/controllers/dbcrud.php:53
[20-Jul-2016 03:34:54 UTC] PHP Warning:  Missing argument 2 for CRUD::read_ID(), called in /home/ubuntu/workspace/calendar.OOP_1/controllers/dbcrud.php on line 53 and defined in /home/ubuntu/workspace/calendar.OOP_1/models/class.crud.php on line 23
[20-Jul-2016 03:34:54 UTC] PHP Stack trace:
[20-Jul-2016 03:34:54 UTC] PHP   1. {main}() /home/ubuntu/workspace/calendar.OOP_1/controllers/dbcrud.php:0
[20-Jul-2016 03:34:54 UTC] PHP   2. CRUD->read_ID() /home/ubuntu/workspace/calendar.OOP_1/controllers/dbcrud.php:53
[20-Jul-2016 03:35:43 UTC] PHP Warning:  Missing argument 2 for CRUD::read_ID(), called in /home/ubuntu/workspace/calendar.OOP_1/controllers/dbcrud.php on line 53 and defined in /home/ubuntu/workspace/calendar.OOP_1/models/class.crud.php on line 23
[20-Jul-2016 03:35:43 UTC] PHP Stack trace:
[20-Jul-2016 03:35:43 UTC] PHP   1. {main}() /home/ubuntu/workspace/calendar.OOP_1/controllers/dbcrud.php:0
[20-Jul-2016 03:35:43 UTC] PHP   2. CRUD->read_ID() /home/ubuntu/workspace/calendar.OOP_1/controllers/dbcrud.php:53
[20-Jul-2016 03:35:48 UTC] PHP Warning:  Missing argument 2 for CRUD::read_ID(), called in /home/ubuntu/workspace/calendar.OOP_1/controllers/dbcrud.php on line 53 and defined in /home/ubuntu/workspace/calendar.OOP_1/models/class.crud.php on line 23
[20-Jul-2016 03:35:48 UTC] PHP Stack trace:
[20-Jul-2016 03:35:48 UTC] PHP   1. {main}() /home/ubuntu/workspace/calendar.OOP_1/controllers/dbcrud.php:0
[20-Jul-2016 03:35:48 UTC] PHP   2. CRUD->read_ID() /home/ubuntu/workspace/calendar.OOP_1/controllers/dbcrud.php:53
[20-Jul-2016 03:35:51 UTC] PHP Warning:  Missing argument 2 for CRUD::read_ID(), called in /home/ubuntu/workspace/calendar.OOP_1/controllers/dbcrud.php on line 53 and defined in /home/ubuntu/workspace/calendar.OOP_1/models/class.crud.php on line 23
[20-Jul-2016 03:35:51 UTC] PHP Stack trace:
[20-Jul-2016 03:35:51 UTC] PHP   1. {main}() /home/ubuntu/workspace/calendar.OOP_1/controllers/dbcrud.php:0
[20-Jul-2016 03:35:51 UTC] PHP   2. CRUD->read_ID() /home/ubuntu/workspace/calendar.OOP_1/controllers/dbcrud.php:53
[20-Jul-2016 03:35:53 UTC] PHP Warning:  Missing argument 2 for CRUD::read_ID(), called in /home/ubuntu/workspace/calendar.OOP_1/controllers/dbcrud.php on line 53 and defined in /home/ubuntu/workspace/calendar.OOP_1/models/class.crud.php on line 23
[20-Jul-2016 03:35:53 UTC] PHP Stack trace:
[20-Jul-2016 03:35:53 UTC] PHP   1. {main}() /home/ubuntu/workspace/calendar.OOP_1/controllers/dbcrud.php:0
[20-Jul-2016 03:35:53 UTC] PHP   2. CRUD->read_ID() /home/ubuntu/workspace/calendar.OOP_1/controllers/dbcrud.php:53
[20-Jul-2016 03:35:55 UTC] PHP Warning:  Missing argument 2 for CRUD::read_ID(), called in /home/ubuntu/workspace/calendar.OOP_1/controllers/dbcrud.php on line 53 and defined in /home/ubuntu/workspace/calendar.OOP_1/models/class.crud.php on line 23
[20-Jul-2016 03:35:55 UTC] PHP Stack trace:
[20-Jul-2016 03:35:55 UTC] PHP   1. {main}() /home/ubuntu/workspace/calendar.OOP_1/controllers/dbcrud.php:0
[20-Jul-2016 03:35:55 UTC] PHP   2. CRUD->read_ID() /home/ubuntu/workspace/calendar.OOP_1/controllers/dbcrud.php:53
[20-Jul-2016 03:35:58 UTC] PHP Warning:  Missing argument 2 for CRUD::read_ID(), called in /home/ubuntu/workspace/calendar.OOP_1/controllers/dbcrud.php on line 53 and defined in /home/ubuntu/workspace/calendar.OOP_1/models/class.crud.php on line 23
[20-Jul-2016 03:35:58 UTC] PHP Stack trace:
[20-Jul-2016 03:35:58 UTC] PHP   1. {main}() /home/ubuntu/workspace/calendar.OOP_1/controllers/dbcrud.php:0
[20-Jul-2016 03:35:58 UTC] PHP   2. CRUD->read_ID() /home/ubuntu/workspace/calendar.OOP_1/controllers/dbcrud.php:53
[20-Jul-2016 03:36:00 UTC] PHP Warning:  Missing argument 2 for CRUD::read_ID(), called in /home/ubuntu/workspace/calendar.OOP_1/controllers/dbcrud.php on line 53 and defined in /home/ubuntu/workspace/calendar.OOP_1/models/class.crud.php on line 23
[20-Jul-2016 03:36:00 UTC] PHP Stack trace:
[20-Jul-2016 03:36:00 UTC] PHP   1. {main}() /home/ubuntu/workspace/calendar.OOP_1/controllers/dbcrud.php:0
[20-Jul-2016 03:36:00 UTC] PHP   2. CRUD->read_ID() /home/ubuntu/workspace/calendar.OOP_1/controllers/dbcrud.php:53
[20-Jul-2016 03:36:02 UTC] PHP Warning:  Missing argument 2 for CRUD::read_ID(), called in /home/ubuntu/workspace/calendar.OOP_1/controllers/dbcrud.php on line 53 and defined in /home/ubuntu/workspace/calendar.OOP_1/models/class.crud.php on line 23
[20-Jul-2016 03:36:02 UTC] PHP Stack trace:
[20-Jul-2016 03:36:02 UTC] PHP   1. {main}() /home/ubuntu/workspace/calendar.OOP_1/controllers/dbcrud.php:0
[20-Jul-2016 03:36:02 UTC] PHP   2. CRUD->read_ID() /home/ubuntu/workspace/calendar.OOP_1/controllers/dbcrud.php:53
[20-Jul-2016 03:37:24 UTC] PHP Warning:  Missing argument 2 for CRUD::read_ID(), called in /home/ubuntu/workspace/calendar.OOP_1/controllers/dbcrud.php on line 53 and defined in /home/ubuntu/workspace/calendar.OOP_1/models/class.crud.php on line 23
[20-Jul-2016 03:37:24 UTC] PHP Stack trace:
[20-Jul-2016 03:37:24 UTC] PHP   1. {main}() /home/ubuntu/workspace/calendar.OOP_1/controllers/dbcrud.php:0
[20-Jul-2016 03:37:24 UTC] PHP   2. CRUD->read_ID() /home/ubuntu/workspace/calendar.OOP_1/controllers/dbcrud.php:53
[20-Jul-2016 03:37:27 UTC] PHP Warning:  Missing argument 2 for CRUD::read_ID(), called in /home/ubuntu/workspace/calendar.OOP_1/controllers/dbcrud.php on line 53 and defined in /home/ubuntu/workspace/calendar.OOP_1/models/class.crud.php on line 23
[20-Jul-2016 03:37:27 UTC] PHP Stack trace:
[20-Jul-2016 03:37:27 UTC] PHP   1. {main}() /home/ubuntu/workspace/calendar.OOP_1/controllers/dbcrud.php:0
[20-Jul-2016 03:37:27 UTC] PHP   2. CRUD->read_ID() /home/ubuntu/workspace/calendar.OOP_1/controllers/dbcrud.php:53
[20-Jul-2016 03:37:29 UTC] PHP Warning:  Missing argument 2 for CRUD::read_ID(), called in /home/ubuntu/workspace/calendar.OOP_1/controllers/dbcrud.php on line 53 and defined in /home/ubuntu/workspace/calendar.OOP_1/models/class.crud.php on line 23
[20-Jul-2016 03:37:29 UTC] PHP Stack trace:
[20-Jul-2016 03:37:29 UTC] PHP   1. {main}() /home/ubuntu/workspace/calendar.OOP_1/controllers/dbcrud.php:0
[20-Jul-2016 03:37:29 UTC] PHP   2. CRUD->read_ID() /home/ubuntu/workspace/calendar.OOP_1/controllers/dbcrud.php:53
[20-Jul-2016 03:40:03 UTC] PHP Warning:  Missing argument 2 for CRUD::read_ID(), called in /home/ubuntu/workspace/calendar.OOP_1/controllers/dbcrud.php on line 53 and defined in /home/ubuntu/workspace/calendar.OOP_1/models/class.crud.php on line 23
[20-Jul-2016 03:40:03 UTC] PHP Stack trace:
[20-Jul-2016 03:40:03 UTC] PHP   1. {main}() /home/ubuntu/workspace/calendar.OOP_1/controllers/dbcrud.php:0
[20-Jul-2016 03:40:03 UTC] PHP   2. CRUD->read_ID() /home/ubuntu/workspace/calendar.OOP_1/controllers/dbcrud.php:53
[20-Jul-2016 03:40:41 UTC] PHP Warning:  Missing argument 2 for CRUD::read_ID(), called in /home/ubuntu/workspace/calendar.OOP_1/controllers/dbcrud.php on line 53 and defined in /home/ubuntu/workspace/calendar.OOP_1/models/class.crud.php on line 23
[20-Jul-2016 03:40:41 UTC] PHP Stack trace:
[20-Jul-2016 03:40:41 UTC] PHP   1. {main}() /home/ubuntu/workspace/calendar.OOP_1/controllers/dbcrud.php:0
[20-Jul-2016 03:40:41 UTC] PHP   2. CRUD->read_ID() /home/ubuntu/workspace/calendar.OOP_1/controllers/dbcrud.php:53
[20-Jul-2016 03:41:38 UTC] PHP Warning:  Missing argument 2 for CRUD::read_ID(), called in /home/ubuntu/workspace/calendar.OOP_1/controllers/dbcrud.php on line 53 and defined in /home/ubuntu/workspace/calendar.OOP_1/models/class.crud.php on line 23
[20-Jul-2016 03:41:38 UTC] PHP Stack trace:
[20-Jul-2016 03:41:38 UTC] PHP   1. {main}() /home/ubuntu/workspace/calendar.OOP_1/controllers/dbcrud.php:0
[20-Jul-2016 03:41:38 UTC] PHP   2. CRUD->read_ID() /home/ubuntu/workspace/calendar.OOP_1/controllers/dbcrud.php:53
[20-Jul-2016 03:41:59 UTC] PHP Warning:  Missing argument 2 for CRUD::read_ID(), called in /home/ubuntu/workspace/calendar.OOP_1/controllers/dbcrud.php on line 53 and defined in /home/ubuntu/workspace/calendar.OOP_1/models/class.crud.php on line 23
[20-Jul-2016 03:41:59 UTC] PHP Stack trace:
[20-Jul-2016 03:41:59 UTC] PHP   1. {main}() /home/ubuntu/workspace/calendar.OOP_1/controllers/dbcrud.php:0
[20-Jul-2016 03:41:59 UTC] PHP   2. CRUD->read_ID() /home/ubuntu/workspace/calendar.OOP_1/controllers/dbcrud.php:53
[20-Jul-2016 03:52:25 UTC] PHP Warning:  Missing argument 2 for CRUD::read_ID(), called in /home/ubuntu/workspace/calendar.OOP_1/controllers/dbcrud.php on line 53 and defined in /home/ubuntu/workspace/calendar.OOP_1/models/class.crud.php on line 23
[20-Jul-2016 03:52:25 UTC] PHP Stack trace:
[20-Jul-2016 03:52:25 UTC] PHP   1. {main}() /home/ubuntu/workspace/calendar.OOP_1/controllers/dbcrud.php:0
[20-Jul-2016 03:52:25 UTC] PHP   2. CRUD->read_ID() /home/ubuntu/workspace/calendar.OOP_1/controllers/dbcrud.php:53
[20-Jul-2016 03:52:55 UTC] PHP Warning:  Missing argument 2 for CRUD::read_ID(), called in /home/ubuntu/workspace/calendar.OOP_1/controllers/dbcrud.php on line 53 and defined in /home/ubuntu/workspace/calendar.OOP_1/models/class.crud.php on line 23
[20-Jul-2016 03:52:55 UTC] PHP Stack trace:
[20-Jul-2016 03:52:55 UTC] PHP   1. {main}() /home/ubuntu/workspace/calendar.OOP_1/controllers/dbcrud.php:0
[20-Jul-2016 03:52:55 UTC] PHP   2. CRUD->read_ID() /home/ubuntu/workspace/calendar.OOP_1/controllers/dbcrud.php:53
[20-Jul-2016 03:53:50 UTC] PHP Warning:  Missing argument 2 for CRUD::read_ID(), called in /home/ubuntu/workspace/calendar.OOP_1/controllers/dbcrud.php on line 53 and defined in /home/ubuntu/workspace/calendar.OOP_1/models/class.crud.php on line 23
[20-Jul-2016 03:53:50 UTC] PHP Stack trace:
[20-Jul-2016 03:53:50 UTC] PHP   1. {main}() /home/ubuntu/workspace/calendar.OOP_1/controllers/dbcrud.php:0
[20-Jul-2016 03:53:50 UTC] PHP   2. CRUD->read_ID() /home/ubuntu/workspace/calendar.OOP_1/controllers/dbcrud.php:53
[20-Jul-2016 03:56:11 UTC] PHP Warning:  Missing argument 2 for CRUD::read_ID(), called in /home/ubuntu/workspace/calendar.OOP_1/controllers/dbcrud.php on line 53 and defined in /home/ubuntu/workspace/calendar.OOP_1/models/class.crud.php on line 23
[20-Jul-2016 03:56:11 UTC] PHP Stack trace:
[20-Jul-2016 03:56:11 UTC] PHP   1. {main}() /home/ubuntu/workspace/calendar.OOP_1/controllers/dbcrud.php:0
[20-Jul-2016 03:56:11 UTC] PHP   2. CRUD->read_ID() /home/ubuntu/workspace/calendar.OOP_1/controllers/dbcrud.php:53
[20-Jul-2016 03:57:39 UTC] PHP Warning:  Missing argument 2 for CRUD::read_ID(), called in /home/ubuntu/workspace/calendar.OOP_1/controllers/dbcrud.php on line 54 and defined in /home/ubuntu/workspace/calendar.OOP_1/models/class.crud.php on line 23
[20-Jul-2016 03:57:39 UTC] PHP Stack trace:
[20-Jul-2016 03:57:39 UTC] PHP   1. {main}() /home/ubuntu/workspace/calendar.OOP_1/controllers/dbcrud.php:0
[20-Jul-2016 03:57:39 UTC] PHP   2. CRUD->read_ID() /home/ubuntu/workspace/calendar.OOP_1/controllers/dbcrud.php:54
[21-Jul-2016 03:35:57 UTC] PHP Parse error:  syntax error, unexpected '"','"' (T_CONSTANT_ENCAPSED_STRING) in /home/ubuntu/workspace/calendar.OOP_1/models/class.crud.php on line 13
[21-Jul-2016 03:35:57 UTC] PHP Stack trace:
[21-Jul-2016 03:35:57 UTC] PHP   1. {main}() /home/ubuntu/workspace/calendar.OOP_1/controllers/dbcrud.php:0
[21-Jul-2016 03:36:17 UTC] PHP Parse error:  syntax error, unexpected 'action' (T_STRING) in /home/ubuntu/workspace/calendar.OOP_1/models/class.crud.php on line 13
[21-Jul-2016 03:36:17 UTC] PHP Stack trace:
[21-Jul-2016 03:36:17 UTC] PHP   1. {main}() /home/ubuntu/workspace/calendar.OOP_1/controllers/dbcrud.php:0
[21-Jul-2016 04:23:21 UTC] PHP Parse error:  syntax error, unexpected '}' in /home/ubuntu/workspace/calendar.OOP_1/views/addNewTask.php on line 93
[21-Jul-2016 04:23:43 UTC] PHP Parse error:  syntax error, unexpected '}' in /home/ubuntu/workspace/calendar.OOP_1/views/addNewTask.php on line 93
[21-Jul-2016 05:32:12 UTC] PHP Warning:  mysql_fetch_array() expects parameter 1 to be resource, null given in /home/ubuntu/workspace/calendar.OOP_1/views/addNewTask.php on line 34
[21-Jul-2016 05:32:12 UTC] PHP Stack trace:
[21-Jul-2016 05:32:12 UTC] PHP   1. {main}() /home/ubuntu/workspace/calendar.OOP_1/views/addNewTask.php:0
[21-Jul-2016 05:32:12 UTC] PHP   2. mysql_fetch_array() /home/ubuntu/workspace/calendar.OOP_1/views/addNewTask.php:34
[21-Jul-2016 05:32:49 UTC] PHP Warning:  mysql_fetch_array() expects parameter 1 to be resource, null given in /home/ubuntu/workspace/calendar.OOP_1/views/addNewTask.php on line 58
[21-Jul-2016 05:32:49 UTC] PHP Stack trace:
[21-Jul-2016 05:32:49 UTC] PHP   1. {main}() /home/ubuntu/workspace/calendar.OOP_1/views/addNewTask.php:0
[21-Jul-2016 05:32:49 UTC] PHP   2. mysql_fetch_array() /home/ubuntu/workspace/calendar.OOP_1/views/addNewTask.php:58
[21-Jul-2016 05:33:01 UTC] PHP Warning:  mysql_fetch_array() expects parameter 1 to be resource, null given in /home/ubuntu/workspace/calendar.OOP_1/views/addNewTask.php on line 58
[21-Jul-2016 05:33:01 UTC] PHP Stack trace:
[21-Jul-2016 05:33:01 UTC] PHP   1. {main}() /home/ubuntu/workspace/calendar.OOP_1/views/addNewTask.php:0
[21-Jul-2016 05:33:01 UTC] PHP   2. mysql_fetch_array() /home/ubuntu/workspace/calendar.OOP_1/views/addNewTask.php:58
[21-Jul-2016 05:33:08 UTC] PHP Warning:  mysql_fetch_array() expects parameter 1 to be resource, null given in /home/ubuntu/workspace/calendar.OOP_1/views/addNewTask.php on line 58
[21-Jul-2016 05:33:08 UTC] PHP Stack trace:
[21-Jul-2016 05:33:08 UTC] PHP   1. {main}() /home/ubuntu/workspace/calendar.OOP_1/views/addNewTask.php:0
[21-Jul-2016 05:33:08 UTC] PHP   2. mysql_fetch_array() /home/ubuntu/workspace/calendar.OOP_1/views/addNewTask.php:58
[21-Jul-2016 05:53:35 UTC] PHP Parse error:  syntax error, unexpected '{' in /home/ubuntu/workspace/calendar.OOP_1/views/addNewTask.php on line 65
[21-Jul-2016 05:55:27 UTC] PHP Warning:  mysql_fetch_array() expects parameter 1 to be resource, null given in /home/ubuntu/workspace/calendar.OOP_1/views/addNewTask.php on line 58
[21-Jul-2016 05:55:27 UTC] PHP Stack trace:
[21-Jul-2016 05:55:27 UTC] PHP   1. {main}() /home/ubuntu/workspace/calendar.OOP_1/views/addNewTask.php:0
[21-Jul-2016 05:55:27 UTC] PHP   2. mysql_fetch_array() /home/ubuntu/workspace/calendar.OOP_1/views/addNewTask.php:58
[21-Jul-2016 05:58:47 UTC] PHP Warning:  Missing argument 3 for CRUD::read_normal(), called in /home/ubuntu/workspace/calendar.OOP_1/controllers/dbcrud.php on line 35 and defined in /home/ubuntu/workspace/calendar.OOP_1/models/class.crud.php on line 39
[21-Jul-2016 05:58:47 UTC] PHP Stack trace:
[21-Jul-2016 05:58:47 UTC] PHP   1. {main}() /home/ubuntu/workspace/calendar.OOP_1/controllers/dbcrud.php:0
[21-Jul-2016 05:58:47 UTC] PHP   2. CRUD->read_normal() /home/ubuntu/workspace/calendar.OOP_1/controllers/dbcrud.php:35
[21-Jul-2016 06:00:17 UTC] PHP Warning:  mysql_fetch_array() expects parameter 1 to be resource, boolean given in /home/ubuntu/workspace/calendar.OOP_1/views/addNewTask.php on line 60
[21-Jul-2016 06:00:17 UTC] PHP Stack trace:
[21-Jul-2016 06:00:17 UTC] PHP   1. {main}() /home/ubuntu/workspace/calendar.OOP_1/views/addNewTask.php:0
[21-Jul-2016 06:00:17 UTC] PHP   2. mysql_fetch_array() /home/ubuntu/workspace/calendar.OOP_1/views/addNewTask.php:60
[21-Jul-2016 06:01:42 UTC] PHP Warning:  mysql_fetch_array() expects parameter 1 to be resource, boolean given in /home/ubuntu/workspace/calendar.OOP_1/views/addNewTask.php on line 60
[21-Jul-2016 06:01:42 UTC] PHP Stack trace:
[21-Jul-2016 06:01:42 UTC] PHP   1. {main}() /home/ubuntu/workspace/calendar.OOP_1/views/addNewTask.php:0
[21-Jul-2016 06:01:42 UTC] PHP   2. mysql_fetch_array() /home/ubuntu/workspace/calendar.OOP_1/views/addNewTask.php:60
[21-Jul-2016 06:43:55 UTC] PHP Parse error:  syntax error, unexpected '' (T_ENCAPSED_AND_WHITESPACE), expecting identifier (T_STRING) or variable (T_VARIABLE) or number (T_NUM_STRING) in /home/ubuntu/workspace/calendar.OOP_1/views/addNewTask.php on line 56
[21-Jul-2016 06:43:56 UTC] PHP Parse error:  syntax error, unexpected '' (T_ENCAPSED_AND_WHITESPACE), expecting identifier (T_STRING) or variable (T_VARIABLE) or number (T_NUM_STRING) in /home/ubuntu/workspace/calendar.OOP_1/views/addNewTask.php on line 56
[21-Jul-2016 06:43:56 UTC] PHP Parse error:  syntax error, unexpected '' (T_ENCAPSED_AND_WHITESPACE), expecting identifier (T_STRING) or variable (T_VARIABLE) or number (T_NUM_STRING) in /home/ubuntu/workspace/calendar.OOP_1/views/addNewTask.php on line 56
[21-Jul-2016 06:44:31 UTC] PHP Parse error:  syntax error, unexpected 'username' (T_STRING) in /home/ubuntu/workspace/calendar.OOP_1/views/addNewTask.php on line 56
[21-Jul-2016 07:28:42 UTC] PHP Fatal error:  Cannot redeclare class Calendar in /home/ubuntu/workspace/calendar.OOP_1/controllers/calendar_show.php on line 4
[21-Jul-2016 07:28:42 UTC] PHP Stack trace:
[21-Jul-2016 07:28:42 UTC] PHP   1. {main}() /home/ubuntu/workspace/calendar.OOP_1/views/calendar.php:0
[21-Jul-2016 08:39:51 UTC] PHP Warning:  Missing argument 4 for CRUD::create_task(), called in /home/ubuntu/workspace/calendar.OOP_1/controllers/dbcrud.php on line 99 and defined in /home/ubuntu/workspace/calendar.OOP_1/models/class.crud.php on line 20
[21-Jul-2016 08:39:51 UTC] PHP Stack trace:
[21-Jul-2016 08:39:51 UTC] PHP   1. {main}() /home/ubuntu/workspace/calendar.OOP_1/controllers/dbcrud.php:0
[21-Jul-2016 08:39:51 UTC] PHP   2. CRUD->create_task() /home/ubuntu/workspace/calendar.OOP_1/controllers/dbcrud.php:99
[22-Jul-2016 02:58:28 UTC] PHP Warning:  Missing argument 1 for CRUD::read_join(), called in /home/ubuntu/workspace/calendar.OOP_1/views/calendar.php on line 33 and defined in /home/ubuntu/workspace/calendar.OOP_1/models/class.crud.php on line 48
[22-Jul-2016 02:58:28 UTC] PHP Stack trace:
[22-Jul-2016 02:58:28 UTC] PHP   1. {main}() /home/ubuntu/workspace/calendar.OOP_1/views/calendar.php:0
[22-Jul-2016 02:58:28 UTC] PHP   2. CRUD->read_join() /home/ubuntu/workspace/calendar.OOP_1/views/calendar.php:33
[22-Jul-2016 03:25:00 UTC] PHP Parse error:  syntax error, unexpected end of file in /home/ubuntu/workspace/calendar.OOP_1/views/calendar.php on line 47
[22-Jul-2016 03:28:47 UTC] PHP Parse error:  syntax error, unexpected end of file in /home/ubuntu/workspace/calendar.OOP_1/views/calendar.php on line 45
[22-Jul-2016 03:29:36 UTC] PHP Parse error:  syntax error, unexpected end of file in /home/ubuntu/workspace/calendar.OOP_1/views/calendar.php on line 44
[22-Jul-2016 03:29:45 UTC] PHP Parse error:  syntax error, unexpected end of file in /home/ubuntu/workspace/calendar.OOP_1/views/calendar.php on line 44
[22-Jul-2016 03:30:06 UTC] PHP Parse error:  syntax error, unexpected end of file in /home/ubuntu/workspace/calendar.OOP_1/views/calendar.php on line 44
[22-Jul-2016 03:30:07 UTC] PHP Parse error:  syntax error, unexpected end of file in /home/ubuntu/workspace/calendar.OOP_1/views/calendar.php on line 44
[22-Jul-2016 03:52:54 UTC] PHP Parse error:  syntax error, unexpected end of file in /home/ubuntu/workspace/calendar.OOP_1/views/calendar.php on line 42
[22-Jul-2016 03:53:05 UTC] PHP Parse error:  syntax error, unexpected end of file in /home/ubuntu/workspace/calendar.OOP_1/views/calendar.php on line 42
[22-Jul-2016 03:55:15 UTC] PHP Parse error:  syntax error, unexpected end of file in /home/ubuntu/workspace/calendar.OOP_1/views/calendar.php on line 42
[22-Jul-2016 03:55:46 UTC] PHP Parse error:  syntax error, unexpected end of file in /home/ubuntu/workspace/calendar.OOP_1/views/calendar.php on line 42
[22-Jul-2016 03:55:48 UTC] PHP Parse error:  syntax error, unexpected end of file in /home/ubuntu/workspace/calendar.OOP_1/views/calendar.php on line 42
[22-Jul-2016 03:55:52 UTC] PHP Parse error:  syntax error, unexpected end of file in /home/ubuntu/workspace/calendar.OOP_1/views/calendar.php on line 42
[22-Jul-2016 03:56:02 UTC] PHP Parse error:  syntax error, unexpected end of file in /home/ubuntu/workspace/calendar.OOP_1/views/calendar.php on line 42
[22-Jul-2016 03:56:16 UTC] PHP Parse error:  syntax error, unexpected end of file in /home/ubuntu/workspace/calendar.OOP_1/views/calendar.php on line 42
[22-Jul-2016 03:56:58 UTC] PHP Parse error:  syntax error, unexpected end of file in /home/ubuntu/workspace/calendar.OOP_1/views/calendar.php on line 43
[22-Jul-2016 03:57:37 UTC] PHP Parse error:  syntax error, unexpected end of file in /home/ubuntu/workspace/calendar.OOP_1/views/calendar.php on line 43
[22-Jul-2016 03:57:50 UTC] PHP Parse error:  syntax error, unexpected end of file in /home/ubuntu/workspace/calendar.OOP_1/views/calendar.php on line 43
[22-Jul-2016 03:58:04 UTC] PHP Parse error:  syntax error, unexpected end of file in /home/ubuntu/workspace/calendar.OOP_1/views/calendar.php on line 44
[22-Jul-2016 03:58:05 UTC] PHP Parse error:  syntax error, unexpected end of file in /home/ubuntu/workspace/calendar.OOP_1/views/calendar.php on line 44
[22-Jul-2016 03:58:15 UTC] PHP Parse error:  syntax error, unexpected end of file in /home/ubuntu/workspace/calendar.OOP_1/views/calendar.php on line 44
[22-Jul-2016 03:58:40 UTC] PHP Parse error:  syntax error, unexpected end of file in /home/ubuntu/workspace/calendar.OOP_1/views/calendar.php on line 42
[22-Jul-2016 04:00:05 UTC] PHP Parse error:  syntax error, unexpected end of file in /home/ubuntu/workspace/calendar.OOP_1/views/calendar.php on line 43
[22-Jul-2016 04:01:44 UTC] PHP Parse error:  syntax error, unexpected end of file in /home/ubuntu/workspace/calendar.OOP_1/views/calendar.php on line 43
[22-Jul-2016 04:06:00 UTC] PHP Parse error:  syntax error, unexpected 'if' (T_IF) in /home/ubuntu/workspace/calendar.OOP_1/views/calendar.php on line 35
[22-Jul-2016 04:06:19 UTC] PHP Parse error:  syntax error, unexpected 'if' (T_IF) in /home/ubuntu/workspace/calendar.OOP_1/views/calendar.php on line 35
[22-Jul-2016 04:34:46 UTC] PHP Warning:  Missing argument 2 for CRUD::read_join(), called in /home/ubuntu/workspace/calendar.OOP_1/views/calendar.php on line 33 and defined in /home/ubuntu/workspace/calendar.OOP_1/models/class.crud.php on line 48
[22-Jul-2016 04:34:46 UTC] PHP Stack trace:
[22-Jul-2016 04:34:46 UTC] PHP   1. {main}() /home/ubuntu/workspace/calendar.OOP_1/views/calendar.php:0
[22-Jul-2016 04:34:46 UTC] PHP   2. CRUD->read_join() /home/ubuntu/workspace/calendar.OOP_1/views/calendar.php:33
[22-Jul-2016 04:34:46 UTC] PHP Warning:  Missing argument 2 for CRUD::read_join(), called in /home/ubuntu/workspace/calendar.OOP_1/views/calendar.php on line 33 and defined in /home/ubuntu/workspace/calendar.OOP_1/models/class.crud.php on line 48
[22-Jul-2016 04:34:46 UTC] PHP Stack trace:
[22-Jul-2016 04:34:46 UTC] PHP   1. {main}() /home/ubuntu/workspace/calendar.OOP_1/views/calendar.php:0
[22-Jul-2016 04:34:46 UTC] PHP   2. CRUD->read_join() /home/ubuntu/workspace/calendar.OOP_1/views/calendar.php:33
[22-Jul-2016 04:51:28 UTC] PHP Parse error:  syntax error, unexpected '$result1' (T_VARIABLE) in /home/ubuntu/workspace/calendar.OOP_1/views/calendar.php on line 34
[22-Jul-2016 06:08:42 UTC] PHP Fatal error:  Cannot use [] for reading in /home/ubuntu/workspace/calendar.OOP_1/views/calendar.php on line 43
[22-Jul-2016 06:08:54 UTC] PHP Warning:  mysql_fetch_array() expects parameter 1 to be resource, array given in /home/ubuntu/workspace/calendar.OOP_1/views/calendar.php on line 34
[22-Jul-2016 06:08:54 UTC] PHP Stack trace:
[22-Jul-2016 06:08:54 UTC] PHP   1. {main}() /home/ubuntu/workspace/calendar.OOP_1/views/calendar.php:0
[22-Jul-2016 06:08:54 UTC] PHP   2. mysql_fetch_array() /home/ubuntu/workspace/calendar.OOP_1/views/calendar.php:34
